<?xml version="1.0" encoding="UTF-8"?>
<!-- Generated by org.testng.reporters.JUnitReportReporter -->
<testsuite hostname="DESKTOP-UA4SH76" failures="0" tests="1" name="KiteTest.Test_class" time="9.529" errors="0" timestamp="2022-08-31T21:21:11 IST" skipped="0">
  <testcase classname="KiteTest.Test_class" name="verifyuserID" time="9.529"/>
  <system-out>
    <![CDATA[running verify user id]]>
  </system-out>
</testsuite> <!-- KiteTest.Test_class -->
